-------------------------------------------------------------------------------
Test set: cl.usach.diinf.dene.Bolt.LabelerTest
-------------------------------------------------------------------------------
Tests run: 5, Failures: 3, Errors: 2, Skipped: 0, Time elapsed: 0.267 sec <<< FAILURE!
testDeclareOutputFields(cl.usach.diinf.dene.Bolt.LabelerTest)  Time elapsed: 0.037 sec  <<< ERROR!
java.lang.NullPointerException
	at cl.usach.diinf.dene.Bolt.Labeler.declareOutputFields(Labeler.java:63)
	at cl.usach.diinf.dene.Bolt.LabelerTest.testDeclareOutputFields(LabelerTest.java:79)
testGetComponentConfiguration(cl.usach.diinf.dene.Bolt.LabelerTest)  Time elapsed: 0 sec  <<< FAILURE!
junit.framework.AssertionFailedError: The test case is a prototype.
	at junit.framework.Assert.fail(Assert.java:47)
	at cl.usach.diinf.dene.Bolt.LabelerTest.testGetComponentConfiguration(LabelerTest.java:94)
testExecute(cl.usach.diinf.dene.Bolt.LabelerTest)  Time elapsed: 0 sec  <<< ERROR!
java.lang.NullPointerException
	at cl.usach.diinf.dene.Bolt.Labeler.execute(Labeler.java:45)
	at cl.usach.diinf.dene.Bolt.LabelerTest.testExecute(LabelerTest.java:56)
testPrepare(cl.usach.diinf.dene.Bolt.LabelerTest)  Time elapsed: 0.218 sec  <<< FAILURE!
junit.framework.AssertionFailedError: The test case is a prototype.
	at junit.framework.Assert.fail(Assert.java:47)
	at cl.usach.diinf.dene.Bolt.LabelerTest.testPrepare(LabelerTest.java:46)
testCleanup(cl.usach.diinf.dene.Bolt.LabelerTest)  Time elapsed: 0.002 sec  <<< FAILURE!
junit.framework.AssertionFailedError: The test case is a prototype.
	at junit.framework.Assert.fail(Assert.java:47)
	at cl.usach.diinf.dene.Bolt.LabelerTest.testCleanup(LabelerTest.java:69)
