<?xml version="1.0" encoding="UTF-8" ?>
<testsuite tests="5" failures="3" name="cl.usach.diinf.dene.Bolt.LabelerTest" time="0.276" errors="2" skipped="0">
  <properties>
[...]
</properties>
  <testcase classname="cl.usach.diinf.dene.Bolt.LabelerTest" name="testDeclareOutputFields" time="0.037">
    <error type="java.lang.NullPointerException">java.lang.NullPointerException
	at cl.usach.diinf.dene.Bolt.Labeler.declareOutputFields(Labeler.java:63)
	at cl.usach.diinf.dene.Bolt.LabelerTest.testDeclareOutputFields(LabelerTest.java:79)
</error>
    <system-out>declareOutputFields
</system-out>
  </testcase>
  <testcase classname="cl.usach.diinf.dene.Bolt.LabelerTest" name="testGetComponentConfiguration" time="0">
    <failure message="The test case is a prototype." type="junit.framework.AssertionFailedError">junit.framework.AssertionFailedError: The test case is a prototype.
	at junit.framework.Assert.fail(Assert.java:47)
	at cl.usach.diinf.dene.Bolt.LabelerTest.testGetComponentConfiguration(LabelerTest.java:94)
</failure>
    <system-out>getComponentConfiguration
</system-out>
  </testcase>
  <testcase classname="cl.usach.diinf.dene.Bolt.LabelerTest" name="testExecute" time="0">
    <error type="java.lang.NullPointerException">java.lang.NullPointerException
	at cl.usach.diinf.dene.Bolt.Labeler.execute(Labeler.java:45)
	at cl.usach.diinf.dene.Bolt.LabelerTest.testExecute(LabelerTest.java:56)
</error>
    <system-out>execute
</system-out>
  </testcase>
  <testcase classname="cl.usach.diinf.dene.Bolt.LabelerTest" name="testPrepare" time="0.218">
    <failure message="The test case is a prototype." type="junit.framework.AssertionFailedError">junit.framework.AssertionFailedError: The test case is a prototype.
	at junit.framework.Assert.fail(Assert.java:47)
	at cl.usach.diinf.dene.Bolt.LabelerTest.testPrepare(LabelerTest.java:46)
</failure>
    <system-out>prepare
</system-out>
    <system-err>Couldn&apos;t open cc.mallet.util.MalletLogger resources/logging.properties file.
 Perhaps the &apos;resources&apos; directories weren&apos;t copied into the &apos;class&apos; directory.
 Continuing.
</system-err>
  </testcase>
  <testcase classname="cl.usach.diinf.dene.Bolt.LabelerTest" name="testCleanup" time="0.002">
    <failure message="The test case is a prototype." type="junit.framework.AssertionFailedError">junit.framework.AssertionFailedError: The test case is a prototype.
	at junit.framework.Assert.fail(Assert.java:47)
	at cl.usach.diinf.dene.Bolt.LabelerTest.testCleanup(LabelerTest.java:69)
</failure>
    <system-out>cleanup
</system-out>
  </testcase>
</testsuite>